mode: set
github.com/depri11/vehicle/src/helper/auth.go:18.58,27.2 1 1
github.com/depri11/vehicle/src/helper/auth.go:29.43,32.2 2 1
github.com/depri11/vehicle/src/helper/auth.go:34.48,35.95 1 1
github.com/depri11/vehicle/src/helper/auth.go:39.2,39.16 1 1
github.com/depri11/vehicle/src/helper/auth.go:44.2,45.9 2 1
github.com/depri11/vehicle/src/helper/auth.go:50.2,50.20 1 1
github.com/depri11/vehicle/src/helper/auth.go:35.95,37.3 1 1
github.com/depri11/vehicle/src/helper/auth.go:39.16,41.3 1 0
github.com/depri11/vehicle/src/helper/auth.go:45.9,48.3 2 0
github.com/depri11/vehicle/src/helper/hash.go:5.52,7.16 2 1
github.com/depri11/vehicle/src/helper/hash.go:11.2,11.26 1 1
github.com/depri11/vehicle/src/helper/hash.go:7.16,9.3 1 0
github.com/depri11/vehicle/src/helper/hash.go:14.52,16.16 2 1
github.com/depri11/vehicle/src/helper/hash.go:20.2,20.13 1 1
github.com/depri11/vehicle/src/helper/hash.go:16.16,18.3 1 0
github.com/depri11/vehicle/src/helper/response.go:21.43,28.16 5 0
github.com/depri11/vehicle/src/helper/response.go:28.16,30.3 1 0
github.com/depri11/vehicle/src/helper/response.go:33.83,45.2 3 0
github.com/depri11/vehicle/src/helper/response.go:47.46,50.16 3 1
github.com/depri11/vehicle/src/helper/response.go:54.2,54.12 1 1
github.com/depri11/vehicle/src/helper/response.go:50.16,53.3 2 0
github.com/depri11/vehicle/src/modules/v1/vehicles/vehicle.controller.go:21.67,23.2 1 0
github.com/depri11/vehicle/src/modules/v1/vehicles/vehicle.controller.go:25.69,29.16 3 0
github.com/depri11/vehicle/src/modules/v1/vehicles/vehicle.controller.go:34.2,34.16 1 0
github.com/depri11/vehicle/src/modules/v1/vehicles/vehicle.controller.go:29.16,32.3 2 0
github.com/depri11/vehicle/src/modules/v1/vehicles/vehicle.controller.go:37.73,42.16 4 0
github.com/depri11/vehicle/src/modules/v1/vehicles/vehicle.controller.go:46.2,47.16 2 0
github.com/depri11/vehicle/src/modules/v1/vehicles/vehicle.controller.go:52.2,52.16 1 0
github.com/depri11/vehicle/src/modules/v1/vehicles/vehicle.controller.go:42.16,44.3 1 0
github.com/depri11/vehicle/src/modules/v1/vehicles/vehicle.controller.go:47.16,50.3 2 0
github.com/depri11/vehicle/src/modules/v1/vehicles/vehicle.controller.go:55.69,62.16 5 0
github.com/depri11/vehicle/src/modules/v1/vehicles/vehicle.controller.go:67.2,68.16 2 0
github.com/depri11/vehicle/src/modules/v1/vehicles/vehicle.controller.go:73.2,73.13 1 0
github.com/depri11/vehicle/src/modules/v1/vehicles/vehicle.controller.go:62.16,65.3 2 0
github.com/depri11/vehicle/src/modules/v1/vehicles/vehicle.controller.go:68.16,71.3 2 0
github.com/depri11/vehicle/src/modules/v1/vehicles/vehicle.controller.go:77.76,82.16 4 0
github.com/depri11/vehicle/src/modules/v1/vehicles/vehicle.controller.go:87.2,92.16 4 0
github.com/depri11/vehicle/src/modules/v1/vehicles/vehicle.controller.go:97.2,98.16 2 0
github.com/depri11/vehicle/src/modules/v1/vehicles/vehicle.controller.go:103.2,103.16 1 0
github.com/depri11/vehicle/src/modules/v1/vehicles/vehicle.controller.go:82.16,85.3 2 0
github.com/depri11/vehicle/src/modules/v1/vehicles/vehicle.controller.go:92.16,95.3 2 0
github.com/depri11/vehicle/src/modules/v1/vehicles/vehicle.controller.go:98.16,101.3 2 0
github.com/depri11/vehicle/src/modules/v1/vehicles/vehicle.controller.go:106.76,112.16 4 0
github.com/depri11/vehicle/src/modules/v1/vehicles/vehicle.controller.go:117.2,118.16 2 0
github.com/depri11/vehicle/src/modules/v1/vehicles/vehicle.controller.go:123.2,123.13 1 0
github.com/depri11/vehicle/src/modules/v1/vehicles/vehicle.controller.go:112.16,115.3 2 0
github.com/depri11/vehicle/src/modules/v1/vehicles/vehicle.controller.go:118.16,121.3 2 0
github.com/depri11/vehicle/src/modules/v1/vehicles/vehicle.controller.go:127.77,131.16 3 0
github.com/depri11/vehicle/src/modules/v1/vehicles/vehicle.controller.go:136.2,136.13 1 0
github.com/depri11/vehicle/src/modules/v1/vehicles/vehicle.controller.go:131.16,134.3 2 0
github.com/depri11/vehicle/src/modules/v1/vehicles/vehicle.controller.go:139.68,147.18 5 0
github.com/depri11/vehicle/src/modules/v1/vehicles/vehicle.controller.go:158.2,158.19 1 0
github.com/depri11/vehicle/src/modules/v1/vehicles/vehicle.controller.go:169.2,170.16 2 0
github.com/depri11/vehicle/src/modules/v1/vehicles/vehicle.controller.go:175.2,175.16 1 0
github.com/depri11/vehicle/src/modules/v1/vehicles/vehicle.controller.go:147.18,149.17 2 0
github.com/depri11/vehicle/src/modules/v1/vehicles/vehicle.controller.go:154.3,155.9 2 0
github.com/depri11/vehicle/src/modules/v1/vehicles/vehicle.controller.go:149.17,152.4 2 0
github.com/depri11/vehicle/src/modules/v1/vehicles/vehicle.controller.go:158.19,160.17 2 0
github.com/depri11/vehicle/src/modules/v1/vehicles/vehicle.controller.go:165.3,166.9 2 0
github.com/depri11/vehicle/src/modules/v1/vehicles/vehicle.controller.go:160.17,163.4 2 0
github.com/depri11/vehicle/src/modules/v1/vehicles/vehicle.controller.go:170.16,173.3 2 0
github.com/depri11/vehicle/src/modules/v1/vehicles/vehicle_repository.go:14.45,16.2 1 0
github.com/depri11/vehicle/src/modules/v1/vehicles/vehicle_repository.go:18.58,22.16 3 0
github.com/depri11/vehicle/src/modules/v1/vehicles/vehicle_repository.go:26.2,26.23 1 0
github.com/depri11/vehicle/src/modules/v1/vehicles/vehicle_repository.go:22.16,24.3 1 0
github.com/depri11/vehicle/src/modules/v1/vehicles/vehicle_repository.go:29.77,31.16 2 0
github.com/depri11/vehicle/src/modules/v1/vehicles/vehicle_repository.go:35.2,35.21 1 0
github.com/depri11/vehicle/src/modules/v1/vehicles/vehicle_repository.go:31.16,33.3 1 0
github.com/depri11/vehicle/src/modules/v1/vehicles/vehicle_repository.go:38.61,41.16 3 0
github.com/depri11/vehicle/src/modules/v1/vehicles/vehicle_repository.go:45.2,45.22 1 0
github.com/depri11/vehicle/src/modules/v1/vehicles/vehicle_repository.go:41.16,43.3 1 0
github.com/depri11/vehicle/src/modules/v1/vehicles/vehicle_repository.go:48.79,50.16 2 0
github.com/depri11/vehicle/src/modules/v1/vehicles/vehicle_repository.go:54.2,54.21 1 0
github.com/depri11/vehicle/src/modules/v1/vehicles/vehicle_repository.go:50.16,52.3 1 0
github.com/depri11/vehicle/src/modules/v1/vehicles/vehicle_repository.go:57.43,60.16 3 0
github.com/depri11/vehicle/src/modules/v1/vehicles/vehicle_repository.go:64.2,64.12 1 0
github.com/depri11/vehicle/src/modules/v1/vehicles/vehicle_repository.go:60.16,62.3 1 0
github.com/depri11/vehicle/src/modules/v1/vehicles/vehicle_repository.go:67.58,70.16 3 0
github.com/depri11/vehicle/src/modules/v1/vehicles/vehicle_repository.go:74.2,74.22 1 0
github.com/depri11/vehicle/src/modules/v1/vehicles/vehicle_repository.go:70.16,72.3 1 0
github.com/depri11/vehicle/src/modules/v1/vehicles/vehicle_repository.go:77.66,80.16 3 0
github.com/depri11/vehicle/src/modules/v1/vehicles/vehicle_repository.go:84.2,84.22 1 0
github.com/depri11/vehicle/src/modules/v1/vehicles/vehicle_repository.go:80.16,82.3 1 0
github.com/depri11/vehicle/src/modules/v1/vehicles/vehicle_repository.go:87.70,90.16 3 0
github.com/depri11/vehicle/src/modules/v1/vehicles/vehicle_repository.go:94.2,94.21 1 0
github.com/depri11/vehicle/src/modules/v1/vehicles/vehicle_repository.go:90.16,92.3 1 0
github.com/depri11/vehicle/src/modules/v1/vehicles/vehicle_route.go:10.43,23.16 6 0
github.com/depri11/vehicle/src/modules/v1/vehicles/vehicle_route.go:27.2,33.108 7 0
github.com/depri11/vehicle/src/modules/v1/vehicles/vehicle_route.go:23.16,24.13 1 0
github.com/depri11/vehicle/src/modules/v1/vehicles/vehicle_service.go:13.67,15.2 1 0
github.com/depri11/vehicle/src/modules/v1/vehicles/vehicle_service.go:17.50,19.16 2 1
github.com/depri11/vehicle/src/modules/v1/vehicles/vehicle_service.go:23.2,24.22 2 1
github.com/depri11/vehicle/src/modules/v1/vehicles/vehicle_service.go:19.16,21.3 1 0
github.com/depri11/vehicle/src/modules/v1/vehicles/vehicle_service.go:27.57,29.16 2 1
github.com/depri11/vehicle/src/modules/v1/vehicles/vehicle_service.go:33.2,34.22 2 1
github.com/depri11/vehicle/src/modules/v1/vehicles/vehicle_service.go:29.16,31.3 1 0
github.com/depri11/vehicle/src/modules/v1/vehicles/vehicle_service.go:37.72,39.16 2 1
github.com/depri11/vehicle/src/modules/v1/vehicles/vehicle_service.go:43.2,44.22 2 1
github.com/depri11/vehicle/src/modules/v1/vehicles/vehicle_service.go:39.16,41.3 1 0
github.com/depri11/vehicle/src/modules/v1/vehicles/vehicle_service.go:47.80,49.16 2 0
github.com/depri11/vehicle/src/modules/v1/vehicles/vehicle_service.go:53.2,64.16 11 0
github.com/depri11/vehicle/src/modules/v1/vehicles/vehicle_service.go:68.2,69.22 2 0
github.com/depri11/vehicle/src/modules/v1/vehicles/vehicle_service.go:49.16,51.3 1 0
github.com/depri11/vehicle/src/modules/v1/vehicles/vehicle_service.go:64.16,66.3 1 0
github.com/depri11/vehicle/src/modules/v1/vehicles/vehicle_service.go:72.55,74.16 2 0
github.com/depri11/vehicle/src/modules/v1/vehicles/vehicle_service.go:78.2,79.16 2 0
github.com/depri11/vehicle/src/modules/v1/vehicles/vehicle_service.go:83.2,84.22 2 0
github.com/depri11/vehicle/src/modules/v1/vehicles/vehicle_service.go:74.16,76.3 1 0
github.com/depri11/vehicle/src/modules/v1/vehicles/vehicle_service.go:79.16,81.3 1 0
github.com/depri11/vehicle/src/modules/v1/vehicles/vehicle_service.go:87.50,89.16 2 0
github.com/depri11/vehicle/src/modules/v1/vehicles/vehicle_service.go:93.2,94.22 2 0
github.com/depri11/vehicle/src/modules/v1/vehicles/vehicle_service.go:89.16,91.3 1 0
github.com/depri11/vehicle/src/modules/v1/vehicles/vehicle_service.go:97.58,99.16 2 0
github.com/depri11/vehicle/src/modules/v1/vehicles/vehicle_service.go:103.2,104.22 2 0
github.com/depri11/vehicle/src/modules/v1/vehicles/vehicle_service.go:99.16,101.3 1 0
github.com/depri11/vehicle/src/modules/v1/vehicles/vehicle_service.go:107.62,109.16 2 1
github.com/depri11/vehicle/src/modules/v1/vehicles/vehicle_service.go:113.2,114.22 2 1
github.com/depri11/vehicle/src/modules/v1/vehicles/vehicle_service.go:109.16,111.3 1 0
github.com/depri11/vehicle/src/modules/v1/users/users.service.go:17.64,19.2 1 0
github.com/depri11/vehicle/src/modules/v1/users/users.service.go:21.50,23.16 2 1
github.com/depri11/vehicle/src/modules/v1/users/users.service.go:27.2,28.22 2 1
github.com/depri11/vehicle/src/modules/v1/users/users.service.go:23.16,25.3 1 0
github.com/depri11/vehicle/src/modules/v1/users/users.service.go:31.66,33.16 2 0
github.com/depri11/vehicle/src/modules/v1/users/users.service.go:37.2,38.22 2 0
github.com/depri11/vehicle/src/modules/v1/users/users.service.go:33.16,35.3 1 0
github.com/depri11/vehicle/src/modules/v1/users/users.service.go:41.57,43.16 2 0
github.com/depri11/vehicle/src/modules/v1/users/users.service.go:47.2,50.22 3 0
github.com/depri11/vehicle/src/modules/v1/users/users.service.go:43.16,45.3 1 0
github.com/depri11/vehicle/src/modules/v1/users/users.service.go:53.72,55.16 2 1
github.com/depri11/vehicle/src/modules/v1/users/users.service.go:59.2,62.16 4 1
github.com/depri11/vehicle/src/modules/v1/users/users.service.go:66.2,69.22 3 1
github.com/depri11/vehicle/src/modules/v1/users/users.service.go:55.16,57.3 1 0
github.com/depri11/vehicle/src/modules/v1/users/users.service.go:62.16,64.3 1 0
github.com/depri11/vehicle/src/modules/v1/users/users.service.go:72.72,74.16 2 0
github.com/depri11/vehicle/src/modules/v1/users/users.service.go:78.2,80.16 3 0
github.com/depri11/vehicle/src/modules/v1/users/users.service.go:84.2,84.28 1 0
github.com/depri11/vehicle/src/modules/v1/users/users.service.go:88.2,89.16 2 0
github.com/depri11/vehicle/src/modules/v1/users/users.service.go:93.2,94.22 2 0
github.com/depri11/vehicle/src/modules/v1/users/users.service.go:74.16,76.3 1 0
github.com/depri11/vehicle/src/modules/v1/users/users.service.go:80.16,82.3 1 0
github.com/depri11/vehicle/src/modules/v1/users/users.service.go:84.28,86.3 1 0
github.com/depri11/vehicle/src/modules/v1/users/users.service.go:89.16,91.3 1 0
github.com/depri11/vehicle/src/modules/v1/users/users.service.go:97.95,99.16 2 0
github.com/depri11/vehicle/src/modules/v1/users/users.service.go:103.2,105.16 3 0
github.com/depri11/vehicle/src/modules/v1/users/users.service.go:109.2,109.28 1 0
github.com/depri11/vehicle/src/modules/v1/users/users.service.go:113.2,120.25 8 0
github.com/depri11/vehicle/src/modules/v1/users/users.service.go:128.2,130.16 3 0
github.com/depri11/vehicle/src/modules/v1/users/users.service.go:134.2,135.22 2 0
github.com/depri11/vehicle/src/modules/v1/users/users.service.go:99.16,101.3 1 0
github.com/depri11/vehicle/src/modules/v1/users/users.service.go:105.16,107.3 1 0
github.com/depri11/vehicle/src/modules/v1/users/users.service.go:109.28,111.3 1 0
github.com/depri11/vehicle/src/modules/v1/users/users.service.go:120.25,122.17 2 0
github.com/depri11/vehicle/src/modules/v1/users/users.service.go:125.3,125.27 1 0
github.com/depri11/vehicle/src/modules/v1/users/users.service.go:122.17,124.4 1 0
github.com/depri11/vehicle/src/modules/v1/users/users.service.go:130.16,132.3 1 0
github.com/depri11/vehicle/src/modules/v1/users/users.service.go:139.58,141.16 2 0
github.com/depri11/vehicle/src/modules/v1/users/users.service.go:145.2,146.22 2 0
github.com/depri11/vehicle/src/modules/v1/users/users.service.go:141.16,143.3 1 0
github.com/depri11/vehicle/src/modules/v1/users/users.service.go:149.62,151.16 2 0
github.com/depri11/vehicle/src/modules/v1/users/users.service.go:155.2,156.22 2 0
github.com/depri11/vehicle/src/modules/v1/users/users.service.go:151.16,153.3 1 0
github.com/depri11/vehicle/src/modules/v1/users/users_controller.go:21.64,23.2 1 0
github.com/depri11/vehicle/src/modules/v1/users/users_controller.go:25.69,27.16 2 0
github.com/depri11/vehicle/src/modules/v1/users/users_controller.go:32.2,32.16 1 0
github.com/depri11/vehicle/src/modules/v1/users/users_controller.go:27.16,30.3 2 0
github.com/depri11/vehicle/src/modules/v1/users/users_controller.go:36.71,41.16 4 0
github.com/depri11/vehicle/src/modules/v1/users/users_controller.go:46.2,47.16 2 0
github.com/depri11/vehicle/src/modules/v1/users/users_controller.go:52.2,52.13 1 0
github.com/depri11/vehicle/src/modules/v1/users/users_controller.go:41.16,44.3 2 0
github.com/depri11/vehicle/src/modules/v1/users/users_controller.go:47.16,50.3 2 0
github.com/depri11/vehicle/src/modules/v1/users/users_controller.go:55.72,59.16 3 0
github.com/depri11/vehicle/src/modules/v1/users/users_controller.go:63.2,64.16 2 0
github.com/depri11/vehicle/src/modules/v1/users/users_controller.go:69.2,69.16 1 0
github.com/depri11/vehicle/src/modules/v1/users/users_controller.go:59.16,61.3 1 0
github.com/depri11/vehicle/src/modules/v1/users/users_controller.go:64.16,67.3 2 0
github.com/depri11/vehicle/src/modules/v1/users/users_controller.go:72.73,77.16 3 0
github.com/depri11/vehicle/src/modules/v1/users/users_controller.go:82.2,87.16 4 0
github.com/depri11/vehicle/src/modules/v1/users/users_controller.go:92.2,93.16 2 0
github.com/depri11/vehicle/src/modules/v1/users/users_controller.go:98.2,98.16 1 0
github.com/depri11/vehicle/src/modules/v1/users/users_controller.go:77.16,80.3 2 0
github.com/depri11/vehicle/src/modules/v1/users/users_controller.go:87.16,90.3 2 0
github.com/depri11/vehicle/src/modules/v1/users/users_controller.go:93.16,96.3 2 0
github.com/depri11/vehicle/src/modules/v1/users/users_controller.go:101.73,106.16 3 0
github.com/depri11/vehicle/src/modules/v1/users/users_controller.go:111.2,112.16 2 0
github.com/depri11/vehicle/src/modules/v1/users/users_controller.go:117.2,117.13 1 0
github.com/depri11/vehicle/src/modules/v1/users/users_controller.go:106.16,109.3 2 0
github.com/depri11/vehicle/src/modules/v1/users/users_controller.go:112.16,115.3 2 0
github.com/depri11/vehicle/src/modules/v1/users/users_controller.go:120.68,128.18 5 0
github.com/depri11/vehicle/src/modules/v1/users/users_controller.go:139.2,139.19 1 0
github.com/depri11/vehicle/src/modules/v1/users/users_controller.go:150.2,151.16 2 0
github.com/depri11/vehicle/src/modules/v1/users/users_controller.go:156.2,156.16 1 0
github.com/depri11/vehicle/src/modules/v1/users/users_controller.go:128.18,130.17 2 0
github.com/depri11/vehicle/src/modules/v1/users/users_controller.go:135.3,136.9 2 0
github.com/depri11/vehicle/src/modules/v1/users/users_controller.go:130.17,133.4 2 0
github.com/depri11/vehicle/src/modules/v1/users/users_controller.go:139.19,141.17 2 0
github.com/depri11/vehicle/src/modules/v1/users/users_controller.go:146.3,147.9 2 0
github.com/depri11/vehicle/src/modules/v1/users/users_controller.go:141.17,144.4 2 0
github.com/depri11/vehicle/src/modules/v1/users/users_controller.go:151.16,154.3 2 0
github.com/depri11/vehicle/src/modules/v1/users/users_repository.go:14.45,16.2 1 0
github.com/depri11/vehicle/src/modules/v1/users/users_repository.go:18.55,24.16 3 0
github.com/depri11/vehicle/src/modules/v1/users/users_repository.go:28.2,28.20 1 0
github.com/depri11/vehicle/src/modules/v1/users/users_repository.go:24.16,26.3 1 0
github.com/depri11/vehicle/src/modules/v1/users/users_repository.go:31.68,33.16 2 0
github.com/depri11/vehicle/src/modules/v1/users/users_repository.go:37.2,37.18 1 0
github.com/depri11/vehicle/src/modules/v1/users/users_repository.go:33.16,35.3 1 0
github.com/depri11/vehicle/src/modules/v1/users/users_repository.go:40.62,43.16 3 0
github.com/depri11/vehicle/src/modules/v1/users/users_repository.go:47.2,47.19 1 0
github.com/depri11/vehicle/src/modules/v1/users/users_repository.go:43.16,45.3 1 0
github.com/depri11/vehicle/src/modules/v1/users/users_repository.go:50.69,53.16 3 0
github.com/depri11/vehicle/src/modules/v1/users/users_repository.go:57.2,57.19 1 0
github.com/depri11/vehicle/src/modules/v1/users/users_repository.go:53.16,55.3 1 0
github.com/depri11/vehicle/src/modules/v1/users/users_repository.go:60.70,62.16 2 0
github.com/depri11/vehicle/src/modules/v1/users/users_repository.go:66.2,66.18 1 0
github.com/depri11/vehicle/src/modules/v1/users/users_repository.go:62.16,64.3 1 0
github.com/depri11/vehicle/src/modules/v1/users/users_repository.go:69.44,72.16 3 0
github.com/depri11/vehicle/src/modules/v1/users/users_repository.go:76.2,76.12 1 0
github.com/depri11/vehicle/src/modules/v1/users/users_repository.go:72.16,74.3 1 0
github.com/depri11/vehicle/src/modules/v1/users/users_repository.go:79.63,82.16 3 0
github.com/depri11/vehicle/src/modules/v1/users/users_repository.go:86.2,86.20 1 0
github.com/depri11/vehicle/src/modules/v1/users/users_repository.go:82.16,84.3 1 0
github.com/depri11/vehicle/src/modules/v1/users/users_repository.go:89.67,92.16 3 0
github.com/depri11/vehicle/src/modules/v1/users/users_repository.go:96.2,96.19 1 0
github.com/depri11/vehicle/src/modules/v1/users/users_repository.go:92.16,94.3 1 0
github.com/depri11/vehicle/src/modules/v1/users/users_route.go:10.43,23.16 6 0
github.com/depri11/vehicle/src/modules/v1/users/users_route.go:27.2,32.132 6 0
github.com/depri11/vehicle/src/modules/v1/users/users_route.go:23.16,24.13 1 0
